{"level":"error","message":"Error de base de datos: Usuario no encontrado 3/11/2023, 15:12:05"}
{"level":"error","message":"Error de base de datos: Usuario no encontrado 4/11/2023, 10:21:28"}
{"level":"error","message":"Error de autenticación. Usuario no autorizado 4/11/2023, 10:22:01"}
{"level":"error","message":"Error de autenticación. Usuario no autorizado 4/11/2023, 10:23:20"}
{"level":"error","message":"Error de autenticación. Usuario no autorizado 4/11/2023, 10:27:55"}
{"level":"error","message":"Error de autenticación. Usuario no autorizado 4/11/2023, 10:35:26"}
{"level":"error","message":"Error de autenticación. Usuario no autorizado 4/11/2023, 10:37:09"}
{"level":"error","message":"Error al crear el usuario 4/11/2023, 10:43:53"}
{"level":"error","message":"Error de base de datos: Usuario no encontrado 4/11/2023, 10:51:16"}
{"level":"error","message":"Error de autenticación. No es prosible autenticar el usuario 4/11/2023, 15:43:47"}
{"level":"error","message":"Error de autenticación. No es prosible autenticar el usuario 4/11/2023, 16:41:19"}
{"level":"error","message":"Error de autenticación. No es prosible autenticar el usuario 4/11/2023, 17:11:13"}
{"level":"error","message":"Error de autenticación. No es prosible autenticar el usuario 4/11/2023, 17:48:14"}
{"level":"error","message":"Error de base de datos: Error al obtener el producto 4/11/2023, 21:25:25"}
{"level":"error","message":"Error de tipo de dato: Error al actualizar el producto 4/11/2023, 22:17:38"}
{"level":"error","message":"Error de tipo de dato: Error al actualizar el producto 4/11/2023, 22:19:50"}
{"level":"error","message":"Error de autenticación. No es prosible autenticar el usuario 5/11/2023, 9:14:40"}
{"level":"error","message":"Error de autenticación. Usuario sin permisos 5/11/2023, 9:17:53"}
{"level":"error","message":"Error de tipo de dato: Error al crear el producto 5/11/2023, 9:43:08"}
{"level":"error","message":"Error de tipo de dato: Error al actualizar el producto 5/11/2023, 9:43:08"}
{"level":"error","message":"Error de tipo de dato: Error al agregar productos al carrito 5/11/2023, 21:35:05"}
{"level":"error","message":"Error de tipo de dato: Error al agregar productos al carrito 5/11/2023, 21:36:16"}
{"level":"error","message":"Error de tipo de dato: Error al agregar productos al carrito 5/11/2023, 21:36:40"}
{"level":"error","message":"Error de tipo de dato: Error al agregar productos al carrito 5/11/2023, 21:38:26"}
{"level":"error","message":"Error de tipo de dato: Error al agregar productos al carrito 5/11/2023, 21:40:21"}
{"level":"error","message":"Error de tipo de dato: Error al agregar productos al carrito 5/11/2023, 21:41:06"}
{"level":"error","message":"Error de autenticación. Usuario ya existe 6/11/2023, 8:51:47"}
{"level":"error","message":"Error de autenticación. Usuario ya existe 6/11/2023, 8:54:31"}
{"level":"error","message":"Error de autenticación. Usuario ya existe 6/11/2023, 8:54:37"}
{"level":"error","message":"Usuario creado con éxito 6/11/2023, 8:55:38"}
{"level":"error","message":"Error de autenticación. Usuario ya existe 6/11/2023, 8:56:08"}
{"level":"error","message":"Usuario creado con éxito 6/11/2023, 8:56:39"}
{"level":"error","message":"Usuario creado con éxito 6/11/2023, 8:59:56"}
{"level":"error","message":"Error de base de datos: Usuario no encontrado 6/11/2023, 10:02:26"}
{"level":"error","message":"Error de base de datos: Usuario no encontrado 6/11/2023, 10:02:53"}
{"level":"error","message":"Error de base de datos: Usuario no encontrado 6/11/2023, 10:11:11"}
{"level":"error","message":"Error de base de autenticación: La contraseña no puede ser igual a la anterior 6/11/2023, 12:50:12"}
{"level":"error","message":"Error de autenticación. No es prosible autenticar el usuario 6/11/2023, 13:04:01"}
{"level":"error","message":"Error de autenticación. No fue posible verificar el token 6/11/2023, 13:09:26"}
{"level":"error","message":"Error de base de datos: Usuario no encontrado 6/11/2023, 13:10:30"}
{"level":"error","message":"Error de tipo de dato: Error al finalizar la compra 6/11/2023, 14:15:53"}
{"level":"error","message":"Error de tipo de dato: Error al finalizar la compra 6/11/2023, 14:20:16"}
{"level":"error","message":"Error de tipo de dato: Error al finalizar la compra 6/11/2023, 14:24:24"}
{"level":"error","message":"Error de tipo de dato: Error al finalizar la compra 6/11/2023, 14:25:15"}
{"level":"error","message":"Error de tipo de dato: Error al finalizar la compra 6/11/2023, 14:26:31"}
{"level":"error","message":"Error de tipo de dato: Error al finalizar la compra 6/11/2023, 14:28:24"}
{"level":"error","message":"Error de tipo de dato: Error al finalizar la compra 6/11/2023, 14:29:29"}
{"level":"error","message":"Error de tipo de dato: Error al finalizar la compra 6/11/2023, 14:30:01"}
{"level":"error","message":"Error de tipo de dato: Error al finalizar la compra 6/11/2023, 14:33:02"}
{"level":"error","message":"Error de tipo de dato: Error al finalizar la compra 6/11/2023, 14:33:56"}
{"level":"error","message":"Error de tipo de dato: Error al finalizar la compra 6/11/2023, 14:34:40"}
{"level":"error","message":"Error de base de datos: Usuario no encontrado 7/11/2023, 13:51:41"}
{"level":"error","message":"Error de autenticación. No fue posible verificar el token 7/11/2023, 13:51:41"}
{"level":"error","message":"Error de base de datos: Usuario no encontrado 7/11/2023, 13:53:01"}
{"level":"error","message":"Error de autenticación. No fue posible verificar el token 7/11/2023, 13:53:01"}
{"level":"error","message":"Error de autenticación. No fue posible verificar el token 7/11/2023, 13:53:01"}
{"level":"error","message":"Error de autenticación. No fue posible verificar el token 7/11/2023, 13:53:01"}
{"level":"error","message":"Error de autenticación. No fue posible verificar el token 7/11/2023, 13:53:01"}
{"level":"error","message":"Error de autenticación. No fue posible verificar el token 7/11/2023, 13:53:01"}
{"level":"error","message":"Error de autenticación. No fue posible verificar el token 7/11/2023, 13:53:01"}
{"level":"error","message":"Error de autenticación. No fue posible verificar el token 7/11/2023, 13:53:01"}
{"level":"error","message":"Error de autenticación. No fue posible verificar el token 7/11/2023, 13:53:01"}
{"level":"error","message":"Error de autenticación. No fue posible verificar el token 7/11/2023, 13:53:01"}
{"level":"error","message":"Error de base de datos: Usuario no encontrado 7/11/2023, 13:53:50"}
{"level":"error","message":"Error de autenticación. No fue posible verificar el token 7/11/2023, 13:53:50"}
{"level":"error","message":"Error de autenticación. No fue posible verificar el token 7/11/2023, 13:53:50"}
{"level":"error","message":"Error de base de datos: Usuario no encontrado 7/11/2023, 13:54:09"}
{"level":"error","message":"Error de autenticación. No fue posible verificar el token 7/11/2023, 13:54:09"}
{"level":"error","message":"Error de autenticación. No fue posible verificar el token 7/11/2023, 13:54:09"}
{"level":"error","message":"Error de tipo de dato: Error al finalizar la compra 7/11/2023, 13:59:49"}
{"level":"error","message":"Error de tipo de dato: Error al finalizar la compra 7/11/2023, 17:58:38"}
{"level":"error","message":"Error de tipo de dato: Error al finalizar la compra 7/11/2023, 17:59:56"}
{"level":"error","message":"Error de tipo de dato: Error al finalizar la compra 7/11/2023, 18:01:21"}
{"level":"error","message":"Error de tipo de dato: Error al finalizar la compra 7/11/2023, 18:24:48"}
{"level":"error","message":"Error de autenticación. No es prosible autenticar el usuario 8/11/2023, 13:00:01"}
{"level":"error","message":"Error de base de datos: Usuario no encontrado 8/11/2023, 18:50:20"}
{"level":"error","message":"Error de base de datos: Usuario no encontrado 8/11/2023, 19:33:27"}
{"level":"error","message":"Error de autenticación. No es prosible autenticar el usuario 9/11/2023, 12:07:59"}
{"level":"error","message":"Error de base de datos: Usuario no encontrado 9/11/2023, 12:48:02"}
{"level":"error","message":"Error de tipo de dato: Error de inicio de sesión 9/11/2023, 13:03:49"}
{"level":"error","message":"Error de tipo de dato: Error de inicio de sesión 9/11/2023, 13:04:52"}
{"level":"error","message":"Error de tipo de dato: Error de inicio de sesión 9/11/2023, 13:06:38"}
{"level":"error","message":"Error de tipo de dato: Error de inicio de sesión 9/11/2023, 13:08:04"}
{"level":"error","message":"Error de tipo de dato: Error de inicio de sesión 9/11/2023, 13:08:44"}
{"level":"error","message":"Error de tipo de dato: Error de inicio de sesión 9/11/2023, 13:09:10"}
{"level":"error","message":"Error de base de datos: Usuario no encontrado 9/11/2023, 13:09:48"}
{"level":"error","message":"Error de base de datos: Usuario no encontrado 9/11/2023, 13:14:52"}
{"level":"error","message":"Error de base de datos: Usuario no encontrado 10/11/2023, 12:53:52"}
{"level":"error","message":"Error de base de datos: Usuario no encontrado 10/11/2023, 13:00:20"}
{"level":"error","message":"Error de autenticación. Usuario sin permisos 10/11/2023, 16:06:34"}
{"level":"error","message":"Error de autenticación. No fue posible verificar el token 10/11/2023, 19:34:28"}
{"level":"error","message":"Error de base de datos: Usuario no encontrado 10/11/2023, 21:03:41"}
{"level":"error","message":"Error de base de datos: Usuario no encontrado 11/11/2023, 7:35:27"}
{"level":"error","message":"Error de base de datos: Usuario no encontrado 11/11/2023, 7:42:52"}
{"level":"error","message":"Error de tipo de dato: Error al informar la última conexión 11/11/2023, 13:50:00"}
{"level":"error","message":"Error de tipo de dato: Error al informar la última conexión 11/11/2023, 13:52:39"}
{"level":"error"}
{"level":"error"}
{"level":"error"}
{"level":"error"}
{"level":"error"}
{"level":"error"}
{"level":"error"}
{"level":"error"}
{"level":"error"}
{"level":"error"}
{"level":"error"}
{"level":"error","message":"Error de autenticación. No fue posible verificar el token 11/11/2023, 15:13:59"}
{"level":"error","message":"Error de autenticación. No fue posible verificar el token 11/11/2023, 15:14:06"}
{"level":"error"}
{"level":"error"}
{"level":"error"}
{"level":"error"}
{"level":"error"}
{"level":"error"}
{"level":"error"}
{"level":"error"}
{"level":"error"}
{"level":"error"}
{"level":"error"}
{"level":"error"}
{"level":"error"}
{"level":"error"}
{"level":"error"}
{"level":"error"}
{"level":"error"}
{"level":"error"}
{"level":"error","message":"Error de autenticación. No es prosible autenticar el usuario 11/11/2023, 18:14:49"}
{"level":"error","message":"Error de tipo de dato: Error al actualizar el perfil 11/11/2023, 18:21:56"}
{"level":"error","message":"Error de tipo de dato: Error al actualizar el perfil 11/11/2023, 18:22:44"}
{"level":"error"}
{"level":"error","message":"Error de tipo de dato: Error al agregar un documento 12/11/2023, 9:27:57"}
{"level":"error","message":"Error de tipo de dato: Error al agregar un documento 12/11/2023, 9:27:57"}
{"level":"error","message":"Error de autenticación. No fue posible verificar el token 12/11/2023, 9:47:29"}
{"level":"error","message":"Error de autenticación. No fue posible verificar el token 12/11/2023, 9:47:30"}
{"level":"error","message":"Error de autenticación. No fue posible verificar el token 12/11/2023, 9:47:30"}
{"level":"error"}
{"level":"error"}
{"level":"error","message":"Error de tipo de dato: Error al agregar un documento 12/11/2023, 14:03:56"}
{"level":"error","message":"Error de tipo de dato: Error al agregar un documento 12/11/2023, 14:03:56"}
{"level":"error","message":"Error de tipo de dato: Error al agregar un documento 12/11/2023, 14:05:26"}
{"level":"error","message":"Error de tipo de dato: Error al agregar un documento 12/11/2023, 14:05:26"}
{"level":"error","message":"Error de base de datos: Usuario no encontrado 12/11/2023, 14:05:26"}
{"level":"error","message":"Error de base de datos: Usuario no encontrado 12/11/2023, 14:05:28"}
{"level":"error","message":"Error de tipo de dato: Error al agregar un documento 12/11/2023, 14:06:12"}
{"level":"error","message":"Error de tipo de dato: Error al agregar un documento 12/11/2023, 14:06:12"}
{"level":"error","message":"Error de base de datos: Usuario no encontrado 12/11/2023, 14:06:14"}
{"level":"error","message":"Error de base de datos: Usuario no encontrado 12/11/2023, 14:06:14"}
{"level":"error","message":"Error de tipo de dato: Error al agregar un documento 12/11/2023, 14:07:52"}
{"level":"error","message":"Error de tipo de dato: Error al agregar un documento 12/11/2023, 14:07:52"}
{"level":"error","message":"Error de tipo de dato: Error al agregar un documento 12/11/2023, 14:10:11"}
{"level":"error","message":"Error de tipo de dato: Error al agregar un documento 12/11/2023, 14:10:11"}
{"level":"error","message":"Error de tipo de dato: Error al agregar un documento 12/11/2023, 14:11:51"}
{"level":"error","message":"Error de tipo de dato: Error al agregar un documento 12/11/2023, 14:11:51"}
{"level":"error","message":"Error de base de datos: Usuario no encontrado 12/11/2023, 14:11:52"}
{"level":"error","message":"Error de base de datos: Usuario no encontrado 12/11/2023, 14:11:53"}
{"level":"error","message":"Error de base de datos: Usuario no encontrado 12/11/2023, 14:15:09"}
{"level":"error","message":"Error de base de datos: Usuario no encontrado 12/11/2023, 14:15:10"}
{"level":"error","message":"Error de base de datos: Usuario no encontrado 12/11/2023, 14:16:28"}
{"level":"error","message":"Error de base de datos: Usuario no encontrado 12/11/2023, 14:16:28"}
{"level":"error","message":"Error de base de datos: Usuario no encontrado 12/11/2023, 14:22:51"}
{"level":"error","message":"Error de base de datos: Usuario no encontrado 12/11/2023, 14:22:52"}
{"level":"error","message":"Error de base de datos: Usuario no encontrado 12/11/2023, 14:24:30"}
{"level":"error","message":"Error de base de datos: Usuario no encontrado 12/11/2023, 14:24:30"}
{"level":"error","message":"Error de base de datos: Usuario no encontrado 12/11/2023, 14:39:07"}
{"level":"error","message":"Error de base de datos: Usuario no encontrado 12/11/2023, 14:39:09"}
{"level":"error","message":"Error de autenticación. No fue posible verificar el token 12/11/2023, 14:59:41"}
{"level":"error","message":"Error de autenticación. No fue posible verificar el token 12/11/2023, 14:59:41"}
{"level":"error","message":"Error de autenticación. No fue posible verificar el token 12/11/2023, 14:59:41"}
{"level":"error","message":"Error de autenticación. No fue posible verificar el token 12/11/2023, 14:59:41"}
{"level":"error","message":"Error de autenticación. No fue posible verificar el token 12/11/2023, 14:59:41"}
{"level":"error","message":"Error de autenticación. No fue posible verificar el token 12/11/2023, 15:00:11"}
{"level":"error","message":"Error de autenticación. No fue posible verificar el token 12/11/2023, 15:00:21"}
{"level":"error"}
{"level":"error"}
{"level":"error"}
{"level":"error"}
{"level":"error"}
{"level":"error"}
{"level":"error"}
{"level":"error","message":"Error de autenticación. No fue posible verificar el token 12/11/2023, 16:00:52"}
{"level":"error","message":"Error de autenticación. No fue posible verificar el token 12/11/2023, 16:00:55"}
{"level":"error","message":"Error de autenticación. No fue posible verificar el token 12/11/2023, 16:00:55"}
{"level":"error","message":"Error de autenticación. No fue posible verificar el token 12/11/2023, 16:00:58"}
{"level":"error","message":"Error de autenticación. No fue posible verificar el token 12/11/2023, 16:01:01"}
{"level":"error","message":"Error de autenticación. No fue posible verificar el token 12/11/2023, 16:01:08"}
{"level":"error"}
{"level":"error"}
{"level":"error"}
{"level":"error"}
{"level":"error"}
{"level":"error"}
{"level":"error"}
{"level":"error"}
{"level":"error"}
{"level":"error"}
{"level":"error"}
{"level":"error"}
{"level":"error"}
{"level":"error"}
{"level":"error"}
{"level":"error"}
{"level":"error","message":"Error de autenticación. No fue posible verificar el token 13/11/2023, 18:53:24"}
{"level":"error","message":"Error de autenticación. No fue posible verificar el token 13/11/2023, 18:53:54"}
{"level":"error"}
{"level":"error","message":"Error de autenticación. No fue posible verificar el token 13/11/2023, 21:09:51"}
{"level":"error","message":"Error de autenticación. No fue posible verificar el token 13/11/2023, 21:10:01"}
{"level":"error"}
{"level":"error"}
{"level":"error","message":"Error de tipo de dato: Error al informar la última conexión 14/11/2023, 8:54:22"}
{"level":"error"}
{"level":"error","message":"Error de tipo de dato: Error al informar la última conexión 14/11/2023, 9:03:24"}
{"level":"error"}
{"level":"error"}
{"level":"error","message":"Error de tipo de dato: Error al informar la última conexión 14/11/2023, 9:16:19"}
{"level":"error"}
{"level":"error"}
{"level":"error","message":"Error de tipo de dato: Error al informar la última conexión 14/11/2023, 10:21:14"}
{"level":"error"}
{"level":"error","message":"Error de tipo de dato: Error al informar la última conexión 14/11/2023, 10:23:35"}
{"level":"error"}
{"level":"error","message":"Error de tipo de dato: Error al informar la última conexión 14/11/2023, 10:24:48"}
{"level":"error"}
{"level":"error","message":"Error de tipo de dato: Error al informar la última conexión 14/11/2023, 10:25:50"}
{"level":"error"}
{"level":"error"}
{"level":"error"}
{"level":"error"}
{"level":"error"}
{"level":"error"}
{"level":"error"}
{"level":"error"}
{"level":"error"}
{"level":"error"}
{"level":"error"}
{"level":"error"}
{"level":"error"}
{"level":"error","message":"Error de autenticación. No fue posible verificar el token 14/11/2023, 12:39:07"}
{"level":"error"}
{"level":"error"}
{"level":"error"}
{"level":"error"}
{"level":"error"}
{"level":"error"}
{"level":"error"}
{"level":"error"}
{"level":"error"}
{"level":"error"}
{"level":"error"}
{"level":"error"}
{"level":"error"}
{"level":"error"}
{"level":"error"}
{"level":"error"}
{"level":"error"}
{"level":"error"}
{"level":"error"}
{"level":"error"}
{"level":"error"}
{"level":"error"}
{"level":"error"}
{"level":"error","message":"Error de tipo de dato: Error al actualizar al crear el carrito 14/11/2023, 19:13:09"}
{"level":"error","message":"Error de tipo de dato: Error al actualizar al crear el carrito 14/11/2023, 19:16:06"}
{"level":"error","message":"Error de tipo de dato: Error al actualizar al crear el carrito 15/11/2023, 7:35:52"}
{"level":"error","message":"Error de tipo de dato: Error al actualizar al crear el carrito 15/11/2023, 7:56:00"}
{"level":"error","message":"Error de autenticación. No es prosible autenticar el usuario 15/11/2023, 8:29:58"}
{"level":"error","message":"Error de autenticación. No es prosible autenticar el usuario 15/11/2023, 8:30:13"}
{"level":"error","message":"Error de autenticación. No es prosible autenticar el usuario 15/11/2023, 8:30:40"}
{"level":"error","message":"Error de autenticación. No fue posible verificar el token 15/11/2023, 9:00:48"}
{"level":"error","message":"Error de autenticación. No fue posible verificar el token 15/11/2023, 9:00:55"}
{"level":"error","message":"Error de tipo de dato: Error al actualizar al crear el carrito 15/11/2023, 9:01:12"}
{"level":"error","message":"Error de tipo de dato: Error al actualizar al crear el carrito 15/11/2023, 11:49:38"}
{"level":"error","message":"Error de tipo de dato: Error al crear el producto 15/11/2023, 12:44:55"}
{"level":"error","message":"Error de autenticación. No fue posible verificar el token 15/11/2023, 12:49:51"}
{"level":"error","message":"Error de autenticación. No fue posible verificar el token 15/11/2023, 12:49:54"}
{"level":"error","message":"Error de autenticación. No fue posible verificar el token 15/11/2023, 12:50:08"}
{"level":"error","message":"Error de tipo de dato: Error al actualizar al crear el carrito 15/11/2023, 12:50:13"}
{"level":"error","message":"Error de tipo de dato: Error al crear el producto 15/11/2023, 12:50:34"}
{"level":"error","message":"Error de tipo de dato: Error al actualizar al crear el carrito 15/11/2023, 12:52:40"}
{"level":"error","message":"Error de tipo de dato: Error al actualizar al crear el carrito 15/11/2023, 12:53:23"}
{"level":"error","message":"Error de tipo de dato: Error al crear el carrito 15/11/2023, 12:55:53"}
{"level":"error","message":"Error de tipo de dato: Error al crear el producto 15/11/2023, 12:59:37"}
{"level":"error","message":"Error de tipo de dato: Error al crear el producto 15/11/2023, 13:00:35"}
{"level":"error","message":"Error de tipo de dato: Error al crear el producto 15/11/2023, 13:06:18"}
{"level":"error","message":"Error de autenticación. No fue posible verificar el token 15/11/2023, 14:19:16"}
{"level":"error","message":"Error de autenticación. No fue posible verificar el token 15/11/2023, 14:19:19"}
{"level":"error","message":"Error de autenticación. No fue posible verificar el token 15/11/2023, 14:19:28"}
{"level":"error","message":"Error de autenticación. No fue posible verificar el token 15/11/2023, 15:19:40"}
{"level":"error","message":"Error de autenticación. No fue posible verificar el token 15/11/2023, 15:19:46"}
{"level":"error","message":"Error de autenticación. No fue posible verificar el token 15/11/2023, 15:19:48"}
{"level":"error","message":"Error de autenticación. No fue posible verificar el token 16/11/2023, 12:41:28"}
{"level":"error","message":"Error de autenticación. No fue posible verificar el token 16/11/2023, 12:41:31"}
{"level":"error","message":"Error de autenticación. No fue posible verificar el token 17/11/2023, 13:35:59"}
{"level":"error","message":"Error de autenticación. No fue posible verificar el token 17/11/2023, 13:35:59"}
{"level":"error","message":"Error de autenticación. No fue posible verificar el token 17/11/2023, 13:35:59"}
{"level":"error","message":"Error de autenticación. No fue posible verificar el token 17/11/2023, 13:35:59"}
{"level":"error","message":"Error de autenticación. No fue posible verificar el token 17/11/2023, 13:45:42"}
{"level":"error","message":"Error de autenticación. No fue posible verificar el token 17/11/2023, 13:45:42"}
{"level":"error","message":"Error de autenticación. No fue posible verificar el token 17/11/2023, 13:45:42"}
{"level":"error","message":"Error de autenticación. No fue posible verificar el token 17/11/2023, 13:45:42"}
{"level":"error","message":"Error de autenticación. No fue posible verificar el token 17/11/2023, 13:46:00"}
{"level":"error","message":"Error de autenticación. No fue posible verificar el token 17/11/2023, 13:46:00"}
{"level":"error","message":"Error de autenticación. No fue posible verificar el token 17/11/2023, 13:46:00"}
{"level":"error","message":"Error de autenticación. No fue posible verificar el token 17/11/2023, 13:46:00"}
{"level":"error","message":"Error de autenticación. No fue posible verificar el token 17/11/2023, 13:51:27"}
{"level":"error","message":"Error de autenticación. No fue posible verificar el token 17/11/2023, 13:51:27"}
{"level":"error","message":"Error de autenticación. No fue posible verificar el token 17/11/2023, 13:51:27"}
{"level":"error","message":"Error de autenticación. No fue posible verificar el token 17/11/2023, 13:51:27"}
{"level":"error","message":"Error de autenticación. No fue posible verificar el token 17/11/2023, 18:41:03"}
{"level":"error","message":"Error de autenticación. No fue posible verificar el token 17/11/2023, 18:41:03"}
{"level":"error","message":"Error de autenticación. No fue posible verificar el token 17/11/2023, 18:41:03"}
{"level":"error","message":"Error de autenticación. No fue posible verificar el token 17/11/2023, 18:41:03"}
{"level":"error","message":"Error de autenticación. No fue posible verificar el token 17/11/2023, 18:47:48"}
{"level":"error","message":"Error de autenticación. No fue posible verificar el token 17/11/2023, 18:47:48"}
{"level":"error","message":"Error de autenticación. No fue posible verificar el token 17/11/2023, 18:47:48"}
{"level":"error","message":"Error de autenticación. No fue posible verificar el token 17/11/2023, 18:47:48"}
{"level":"error","message":"Error de autenticación. No fue posible verificar el token 17/11/2023, 18:49:00"}
{"level":"error","message":"Error de autenticación. No fue posible verificar el token 17/11/2023, 18:49:00"}
{"level":"error","message":"Error de autenticación. No fue posible verificar el token 17/11/2023, 18:49:00"}
{"level":"error","message":"Error de autenticación. No fue posible verificar el token 17/11/2023, 18:49:00"}
{"level":"error","message":"Error de autenticación. No fue posible verificar el token 17/11/2023, 18:49:55"}
{"level":"error","message":"Error de autenticación. No fue posible verificar el token 17/11/2023, 18:49:55"}
{"level":"error","message":"Error de autenticación. No fue posible verificar el token 17/11/2023, 18:49:55"}
{"level":"error","message":"Error de autenticación. No fue posible verificar el token 17/11/2023, 18:49:55"}
{"level":"error","message":"Error de autenticación. No fue posible verificar el token 17/11/2023, 18:51:26"}
{"level":"error","message":"Error de autenticación. No fue posible verificar el token 17/11/2023, 18:51:26"}
{"level":"error","message":"Error de autenticación. No fue posible verificar el token 17/11/2023, 18:51:26"}
{"level":"error","message":"Error de autenticación. No fue posible verificar el token 17/11/2023, 18:51:26"}
{"level":"error","message":"Error de autenticación. No fue posible verificar el token 17/11/2023, 18:52:53"}
{"level":"error","message":"Error de autenticación. No fue posible verificar el token 17/11/2023, 18:52:53"}
{"level":"error","message":"Error de autenticación. No fue posible verificar el token 17/11/2023, 18:52:53"}
{"level":"error","message":"Error de autenticación. No fue posible verificar el token 17/11/2023, 18:59:09"}
{"level":"error","message":"Error de autenticación. No fue posible verificar el token 17/11/2023, 18:59:09"}
{"level":"error","message":"Error de autenticación. No fue posible verificar el token 17/11/2023, 18:59:09"}
{"level":"error","message":"Error de autenticación. No fue posible verificar el token 17/11/2023, 18:59:09"}
{"level":"error","message":"Error de autenticación. No fue posible verificar el token 17/11/2023, 19:00:14"}
{"level":"error","message":"Error de autenticación. No fue posible verificar el token 17/11/2023, 19:00:14"}
{"level":"error","message":"Error de autenticación. No fue posible verificar el token 17/11/2023, 19:00:14"}
{"level":"error","message":"Error de autenticación. No fue posible verificar el token 17/11/2023, 19:00:14"}
{"level":"error","message":"Error de tipo de dato: Error al informar la última conexión 17/11/2023, 22:21:07"}
{"level":"error","message":"Error de tipo de dato: Error al informar la última conexión 17/11/2023, 22:51:52"}
{"level":"error","message":"Error de tipo de dato: Error al informar la última conexión 17/11/2023, 22:55:01"}
{"level":"error","message":"Error de tipo de dato: Error al informar la última conexión 17/11/2023, 22:55:59"}
{"level":"error","message":"Error de autenticación. No es prosible autenticar el usuario 18/11/2023, 17:16:51"}
{"level":"error","message":"Error de base de datos: Usuario no encontrado 18/11/2023, 17:17:34"}
{"level":"error","message":"Error de base de datos: Usuario no encontrado 18/11/2023, 17:17:57"}
{"level":"error","message":"Error de autenticación. No es prosible autenticar el usuario 18/11/2023, 17:19:29"}
{"level":"error","message":"Error de autenticación. No es prosible autenticar el usuario 18/11/2023, 17:19:35"}
{"level":"error","message":"Error de base de datos: No hay usuarios registrados 18/11/2023, 22:39:58"}
{"level":"error","message":"Error de autenticación. No fue posible verificar el token 18/11/2023, 22:45:59"}
{"level":"error","message":"Error de autenticación. No fue posible verificar el token 18/11/2023, 22:46:16"}
{"level":"error","message":"Error de base de datos: Usuario no encontrado 18/11/2023, 22:46:24"}
{"level":"error","message":"Error de base de datos: Usuario no encontrado 19/11/2023, 0:10:25"}
{"level":"error","message":"Error de base de datos: Usuario no encontrado 19/11/2023, 0:28:12"}
{"level":"error","message":"Error de autenticación. No fue posible verificar el token 19/11/2023, 8:12:43"}
{"level":"error","message":"Error de tipo de dato: Error al actualizar el rol 19/11/2023, 8:13:52"}
{"level":"error","message":"Error de tipo de dato: Error al actualizar el rol 19/11/2023, 8:15:52"}
{"level":"error","message":"Error de tipo de dato: Error al actualizar el rol 19/11/2023, 8:16:44"}
{"level":"error","message":"Error de tipo de dato: Error al actualizar el rol 19/11/2023, 8:18:16"}
{"level":"error","message":"Error de tipo de dato: Error al actualizar el rol 19/11/2023, 8:19:18"}
{"level":"error","message":"Error de tipo de dato: Error al actualizar el rol 19/11/2023, 8:38:15"}
{"level":"error","message":"Error de autenticación. Usuario sin permisos 19/11/2023, 8:47:29"}
{"level":"error","message":"Error de autenticación. Usuario sin permisos 19/11/2023, 8:47:58"}
{"level":"error","message":"Error de autenticación. No fue posible verificar el token 19/11/2023, 13:11:29"}
{"level":"error","message":"Error de autenticación. No fue posible verificar el token 19/11/2023, 18:13:41"}
{"level":"error","message":"Error de base de datos: Usuario no encontrado 19/11/2023, 18:30:45"}
{"level":"error","message":"Error de base de datos: Usuario no encontrado 19/11/2023, 19:49:59"}
{"level":"error","message":"Error de base de datos: Usuario no encontrado 20/11/2023, 8:43:07"}
{"level":"error","message":"Error de base de datos: Usuario no encontrado 20/11/2023, 8:43:07"}
{"level":"error","message":"Error de autenticación. No fue posible verificar el token 20/11/2023, 11:47:45"}
{"level":"error","message":"Error de autenticación. Usuario sin permisos 23/11/2023, 10:29:30"}
